Using pre-set license
Built from '2020.3/staging' branch; Version is '2020.3.24f1 (79c78de19888) revision 7980941'; Using compiler version '192528614'; Build Type 'Release'
OS: 'Windows 10  (10.0.19043) 64bit Professional' Language: 'es' Physical Memory: 32714 MB
BatchMode: 1, IsHumanControllingUs: 0, StartBugReporterOnCrash: 0, Is64bit: 1, IsPro: 0

COMMAND LINE ARGUMENTS:
C:\Program Files\Unity\Hub\Editor\2020.3.24f1\Editor\Unity.exe
-adb2
-batchMode
-noUpm
-name
AssetImportWorker0
-projectPath
C:/Users/Pablo/Desktop/PROYECTOS/GameEngines
-logFile
Logs/AssetImportWorker0.log
-srvPort
59062
Successfully changed project path to: C:/Users/Pablo/Desktop/PROYECTOS/GameEngines
C:/Users/Pablo/Desktop/PROYECTOS/GameEngines
Using Asset Import Pipeline V2.
Refreshing native plugins compatible for Editor in 39.88 ms, found 2 plugins.
Preloading 0 native plugins for Editor in 0.00 ms.
Initialize engine version: 2020.3.24f1 (79c78de19888)
[Subsystems] Discovering subsystems at path C:/Program Files/Unity/Hub/Editor/2020.3.24f1/Editor/Data/Resources/UnitySubsystems
[Subsystems] Discovering subsystems at path C:/Users/Pablo/Desktop/PROYECTOS/GameEngines/Assets
GfxDevice: creating device client; threaded=0
Direct3D:
    Version:  Direct3D 11.0 [level 11.1]
    Renderer: NVIDIA GeForce GTX 1060 6GB (ID=0x1c03)
    Vendor:   
    VRAM:     6052 MB
    Driver:   30.0.14.7284
Initialize mono
Mono path[0] = 'C:/Program Files/Unity/Hub/Editor/2020.3.24f1/Editor/Data/Managed'
Mono path[1] = 'C:/Program Files/Unity/Hub/Editor/2020.3.24f1/Editor/Data/MonoBleedingEdge/lib/mono/unityjit'
Mono config path = 'C:/Program Files/Unity/Hub/Editor/2020.3.24f1/Editor/Data/MonoBleedingEdge/etc'
Using monoOptions --debugger-agent=transport=dt_socket,embedding=1,server=y,suspend=n,address=127.0.0.1:56464
Begin MonoManager ReloadAssembly
Registering precompiled unity dll's ...
Register platform support module: C:/Program Files/Unity/Hub/Editor/2020.3.24f1/Editor/Data/PlaybackEngines/WindowsStandaloneSupport/UnityEditor.WindowsStandalone.Extensions.dll
Registered in 0.001627 seconds.
Native extension for WindowsStandalone target not found
Refreshing native plugins compatible for Editor in 38.08 ms, found 2 plugins.
Preloading 0 native plugins for Editor in 0.00 ms.
Mono: successfully reloaded assembly
- Completed reload, in  0.497 seconds
Domain Reload Profiling:
	ReloadAssembly (497ms)
		BeginReloadAssembly (45ms)
			ExecutionOrderSort (0ms)
			DisableScriptedObjects (0ms)
			BackupInstance (0ms)
			ReleaseScriptingObjects (0ms)
			CreateAndSetChildDomain (1ms)
		EndReloadAssembly (388ms)
			LoadAssemblies (43ms)
			RebuildTransferFunctionScriptingTraits (0ms)
			SetupTypeCache (121ms)
			ReleaseScriptCaches (0ms)
			RebuildScriptCaches (33ms)
			SetupLoadedEditorAssemblies (151ms)
				LogAssemblyErrors (0ms)
				InitializePlatformSupportModulesInManaged (4ms)
				SetLoadedEditorAssemblies (0ms)
				RefreshPlugins (38ms)
				BeforeProcessingInitializeOnLoad (15ms)
				ProcessInitializeOnLoadAttributes (70ms)
				ProcessInitializeOnLoadMethodAttributes (23ms)
				AfterProcessingInitializeOnLoad (0ms)
				EditorAssembliesLoaded (0ms)
			ExecutionOrderSort2 (0ms)
			AwakeInstancesAfterBackupRestoration (0ms)
Platform modules already initialized, skipping
Registering precompiled user dll's ...
Registered in 0.003433 seconds.
Begin MonoManager ReloadAssembly
Native extension for WindowsStandalone target not found
Refreshing native plugins compatible for Editor in 38.43 ms, found 2 plugins.
Preloading 0 native plugins for Editor in 0.00 ms.
Mono: successfully reloaded assembly
- Completed reload, in  1.014 seconds
Domain Reload Profiling:
	ReloadAssembly (1015ms)
		BeginReloadAssembly (125ms)
			ExecutionOrderSort (0ms)
			DisableScriptedObjects (4ms)
			BackupInstance (0ms)
			ReleaseScriptingObjects (0ms)
			CreateAndSetChildDomain (18ms)
		EndReloadAssembly (835ms)
			LoadAssemblies (74ms)
			RebuildTransferFunctionScriptingTraits (0ms)
			SetupTypeCache (242ms)
			ReleaseScriptCaches (0ms)
			RebuildScriptCaches (54ms)
			SetupLoadedEditorAssemblies (361ms)
				LogAssemblyErrors (0ms)
				InitializePlatformSupportModulesInManaged (3ms)
				SetLoadedEditorAssemblies (0ms)
				RefreshPlugins (39ms)
				BeforeProcessingInitializeOnLoad (70ms)
				ProcessInitializeOnLoadAttributes (234ms)
				ProcessInitializeOnLoadMethodAttributes (9ms)
				AfterProcessingInitializeOnLoad (5ms)
				EditorAssembliesLoaded (0ms)
			ExecutionOrderSort2 (0ms)
			AwakeInstancesAfterBackupRestoration (5ms)
Platform modules already initialized, skipping
========================================================================
Worker process is ready to serve import requests
Launched and connected shader compiler UnityShaderCompiler.exe after 0.05 seconds
Refreshing native plugins compatible for Editor in 0.53 ms, found 2 plugins.
Preloading 0 native plugins for Editor in 0.00 ms.
Unloading 2015 Unused Serialized files (Serialized files now loaded: 0)
System memory in use before: 102.1 MB.
System memory in use after: 102.2 MB.

Unloading 23 unused Assets to reduce memory usage. Loaded Objects now: 2475.
Total: 3.225600 ms (FindLiveObjects: 0.219400 ms CreateObjectMapping: 0.053500 ms MarkObjects: 2.805200 ms  DeleteObjects: 0.146500 ms)

AssetImportParameters requested are different than current active one (requested -> active):
  custom:framework-win-MediaFoundation: 216162199b28c13a410421893ffa2e32 -> 
  custom:video-decoder-ogg-theora: a1e56fd34408186e4bbccfd4996cb3dc -> 
  custom:container-muxer-webm: aa71ff27fc2769a1b78a27578f13a17b -> 
  custom:container-demuxer-webm: 4f35f7cbe854078d1ac9338744f61a02 -> 
  custom:container-demuxer-ogg: 62fdf1f143b41e24485cea50d1cbac27 -> 
  custom:video-encoder-webm-vp8: eb34c28f22e8b96e1ab97ce403110664 -> 
  custom:video-decoder-webm-vp8: 9c59270c3fd7afecdb556c50c9e8de78 -> 
  custom:audio-decoder-ogg-vorbis: bf7c407c2cedff20999df2af8eb42d56 -> 
  custom:audio-encoder-webm-vorbis: bf7c407c2cedff20999df2af8eb42d56 -> 
========================================================================
Received Import Request.
  path: Assets/Animations/Humanoid/Lesionado/injured run backwards left turn.fbx
  artifactKey: Guid(b267b0b2811d5684f9b438a1143ba281) Importer(815301076,1909f56bfc062723c751e8b465ee728b)
Start importing Assets/Animations/Humanoid/Lesionado/injured run backwards left turn.fbx using Guid(b267b0b2811d5684f9b438a1143ba281) Importer(815301076,1909f56bfc062723c751e8b465ee728b)  -> (artifact id: '8291374635af3ab8d41075a50eca7864') in 0.072920 seconds 
  Import took 0.076914 seconds .

========================================================================
Received Import Request.
  Time since last request: 0.000216 seconds.
  path: Assets/Animations/Humanoid/Lesionado/injured walk.fbx
  artifactKey: Guid(893ef49791d88d24ab4d76321f58d375) Importer(815301076,1909f56bfc062723c751e8b465ee728b)
Start importing Assets/Animations/Humanoid/Lesionado/injured walk.fbx using Guid(893ef49791d88d24ab4d76321f58d375) Importer(815301076,1909f56bfc062723c751e8b465ee728b)  -> (artifact id: '3b8ccdea5b8d48f8b6936730d1f05b3a') in 0.013154 seconds 
  Import took 0.016543 seconds .

========================================================================
Received Import Request.
  Time since last request: 19.166814 seconds.
  path: Assets/Scenes/Level.unity
  artifactKey: Guid(a4f0b3cd9ff85054f966e6e4cc162454) Importer(815301076,1909f56bfc062723c751e8b465ee728b)
Start importing Assets/Scenes/Level.unity using Guid(a4f0b3cd9ff85054f966e6e4cc162454) Importer(815301076,1909f56bfc062723c751e8b465ee728b)  -> (artifact id: '89de90b1cf60dbea81913918daf66937') in 0.008117 seconds 
  Import took 0.011374 seconds .

========================================================================
Received Prepare
Registering precompiled user dll's ...
Registered in 0.003559 seconds.
Begin MonoManager ReloadAssembly
Native extension for WindowsStandalone target not found
Refreshing native plugins compatible for Editor in 0.54 ms, found 2 plugins.
Preloading 0 native plugins for Editor in 0.00 ms.
Mono: successfully reloaded assembly
- Completed reload, in  0.924 seconds
Domain Reload Profiling:
	ReloadAssembly (925ms)
		BeginReloadAssembly (112ms)
			ExecutionOrderSort (0ms)
			DisableScriptedObjects (4ms)
			BackupInstance (0ms)
			ReleaseScriptingObjects (0ms)
			CreateAndSetChildDomain (31ms)
		EndReloadAssembly (760ms)
			LoadAssemblies (71ms)
			RebuildTransferFunctionScriptingTraits (0ms)
			SetupTypeCache (235ms)
			ReleaseScriptCaches (1ms)
			RebuildScriptCaches (46ms)
			SetupLoadedEditorAssemblies (320ms)
				LogAssemblyErrors (0ms)
				InitializePlatformSupportModulesInManaged (3ms)
				SetLoadedEditorAssemblies (0ms)
				RefreshPlugins (1ms)
				BeforeProcessingInitializeOnLoad (64ms)
				ProcessInitializeOnLoadAttributes (238ms)
				ProcessInitializeOnLoadMethodAttributes (8ms)
				AfterProcessingInitializeOnLoad (5ms)
				EditorAssembliesLoaded (0ms)
			ExecutionOrderSort2 (0ms)
			AwakeInstancesAfterBackupRestoration (6ms)
Platform modules already initialized, skipping
Refreshing native plugins compatible for Editor in 0.63 ms, found 2 plugins.
Preloading 0 native plugins for Editor in 0.00 ms.
Unloading 2006 Unused Serialized files (Serialized files now loaded: 0)
System memory in use before: 102.0 MB.
System memory in use after: 102.1 MB.

Unloading 16 unused Assets to reduce memory usage. Loaded Objects now: 2477.
Total: 3.219800 ms (FindLiveObjects: 0.242100 ms CreateObjectMapping: 0.049000 ms MarkObjects: 2.911200 ms  DeleteObjects: 0.016300 ms)

AssetImportParameters requested are different than current active one (requested -> active):
  custom:framework-win-MediaFoundation: 216162199b28c13a410421893ffa2e32 -> 
  custom:video-decoder-ogg-theora: a1e56fd34408186e4bbccfd4996cb3dc -> 
  custom:container-muxer-webm: aa71ff27fc2769a1b78a27578f13a17b -> 
  custom:container-demuxer-webm: 4f35f7cbe854078d1ac9338744f61a02 -> 
  custom:container-demuxer-ogg: 62fdf1f143b41e24485cea50d1cbac27 -> 
  custom:video-encoder-webm-vp8: eb34c28f22e8b96e1ab97ce403110664 -> 
  custom:video-decoder-webm-vp8: 9c59270c3fd7afecdb556c50c9e8de78 -> 
  custom:audio-decoder-ogg-vorbis: bf7c407c2cedff20999df2af8eb42d56 -> 
  custom:audio-encoder-webm-vorbis: bf7c407c2cedff20999df2af8eb42d56 -> 
========================================================================
Received Import Request.
  Time since last request: 2092.195786 seconds.
  path: Assets/Textures/samus
  artifactKey: Guid(836810faf1764674a9ced57df26d33e4) Importer(815301076,1909f56bfc062723c751e8b465ee728b)
Start importing Assets/Textures/samus using Guid(836810faf1764674a9ced57df26d33e4) Importer(815301076,1909f56bfc062723c751e8b465ee728b)  -> (artifact id: '7c90b8462b09c794f72458a81f07618f') in 0.010770 seconds 
  Import took 0.014143 seconds .

========================================================================
Received Import Request.
  Time since last request: 18.801337 seconds.
  path: Assets/Textures/Samus
  artifactKey: Guid(836810faf1764674a9ced57df26d33e4) Importer(815301076,1909f56bfc062723c751e8b465ee728b)
Start importing Assets/Textures/Samus using Guid(836810faf1764674a9ced57df26d33e4) Importer(815301076,1909f56bfc062723c751e8b465ee728b)  -> (artifact id: 'cd515ae5914dcd53da45ef4ddfa4a7d4') in 0.009129 seconds 
  Import took 0.012431 seconds .

========================================================================
Received Import Request.
  Time since last request: 135.986855 seconds.
  path: Assets/Prefabs/Basura/Samus/powerbody_D.png
  artifactKey: Guid(1eb61c9693ceed141b356d2695985750) Importer(815301076,1909f56bfc062723c751e8b465ee728b)
Start importing Assets/Prefabs/Basura/Samus/powerbody_D.png using Guid(1eb61c9693ceed141b356d2695985750) Importer(815301076,1909f56bfc062723c751e8b465ee728b)  -> (artifact id: 'd33ddaa18f381ada090944921c22fd8f') in 0.073113 seconds 
  Import took 0.076603 seconds .

========================================================================
Received Import Request.
  Time since last request: 0.000200 seconds.
  path: Assets/Prefabs/Basura/Samus/samuscannon_D.png
  artifactKey: Guid(680ac1e9c3a18fe448318477642dbafa) Importer(815301076,1909f56bfc062723c751e8b465ee728b)
Start importing Assets/Prefabs/Basura/Samus/samuscannon_D.png using Guid(680ac1e9c3a18fe448318477642dbafa) Importer(815301076,1909f56bfc062723c751e8b465ee728b)  -> (artifact id: '3cc80bf2a14eb19ba6d282fe2ad8f32c') in 0.012308 seconds 
  Import took 0.016016 seconds .

========================================================================
Received Import Request.
  Time since last request: 0.000251 seconds.
  path: Assets/Prefabs/Basura/Samus/powerbody_E.png
  artifactKey: Guid(e1bf16b1ca7fcde46b7c04bab99abf8e) Importer(815301076,1909f56bfc062723c751e8b465ee728b)
Start importing Assets/Prefabs/Basura/Samus/powerbody_E.png using Guid(e1bf16b1ca7fcde46b7c04bab99abf8e) Importer(815301076,1909f56bfc062723c751e8b465ee728b)  -> (artifact id: '5bcdb7b11d49aa99c581750a46e7412e') in 0.019363 seconds 
  Import took 0.022400 seconds .

========================================================================
Received Import Request.
  Time since last request: 0.000183 seconds.
  path: Assets/Prefabs/Basura/Samus/powerhead_D.png
  artifactKey: Guid(ffc2c05fbf7ca3742b4d85a62fdf72a5) Importer(815301076,1909f56bfc062723c751e8b465ee728b)
Start importing Assets/Prefabs/Basura/Samus/powerhead_D.png using Guid(ffc2c05fbf7ca3742b4d85a62fdf72a5) Importer(815301076,1909f56bfc062723c751e8b465ee728b)  -> (artifact id: 'df49777fc54d897e7f5e5b0c7496abb6') in 0.016833 seconds 
  Import took 0.020092 seconds .

========================================================================
Received Import Request.
  Time since last request: 0.000176 seconds.
  path: Assets/Prefabs/Basura/Samus/powerhead_E.png
  artifactKey: Guid(57c405696ca07db4781fa6ba77241ca9) Importer(815301076,1909f56bfc062723c751e8b465ee728b)
Start importing Assets/Prefabs/Basura/Samus/powerhead_E.png using Guid(57c405696ca07db4781fa6ba77241ca9) Importer(815301076,1909f56bfc062723c751e8b465ee728b)  -> (artifact id: '2f431528ac1c75bb74059360f4580642') in 0.021244 seconds 
  Import took 0.024679 seconds .

========================================================================
Received Import Request.
  Time since last request: 0.000181 seconds.
  path: Assets/Prefabs/Basura/Samus/samuscannon_E.png
  artifactKey: Guid(f8f9b842d678f5a4986d5ee301c07f74) Importer(815301076,1909f56bfc062723c751e8b465ee728b)
Start importing Assets/Prefabs/Basura/Samus/samuscannon_E.png using Guid(f8f9b842d678f5a4986d5ee301c07f74) Importer(815301076,1909f56bfc062723c751e8b465ee728b)  -> (artifact id: '759423de8834420800eee354827f5387') in 0.016658 seconds 
  Import took 0.019775 seconds .

========================================================================
Received Import Request.
  Time since last request: 4.564222 seconds.
  path: Assets/Prefabs/Basura/Samus/Textures/gravity_body_Diffuse.png
  artifactKey: Guid(dafdd7e721f25944287d0c4df178fbcc) Importer(815301076,1909f56bfc062723c751e8b465ee728b)
Start importing Assets/Prefabs/Basura/Samus/Textures/gravity_body_Diffuse.png using Guid(dafdd7e721f25944287d0c4df178fbcc) Importer(815301076,1909f56bfc062723c751e8b465ee728b)  -> (artifact id: '9b2ac320dd2fe5cca1740c0f86048f23') in 0.010164 seconds 
  Import took 0.013416 seconds .

========================================================================
Received Import Request.
  Time since last request: 0.000194 seconds.
  path: Assets/Prefabs/Basura/Samus/Textures/gravity_head_D.png
  artifactKey: Guid(a6b697411df5afe48b591ff1ce11a1d8) Importer(815301076,1909f56bfc062723c751e8b465ee728b)
Start importing Assets/Prefabs/Basura/Samus/Textures/gravity_head_D.png using Guid(a6b697411df5afe48b591ff1ce11a1d8) Importer(815301076,1909f56bfc062723c751e8b465ee728b)  -> (artifact id: '7a84d947dc98975768cf7d8a8ace411a') in 0.010415 seconds 
  Import took 0.015093 seconds .

========================================================================
Received Import Request.
  Time since last request: 0.000315 seconds.
  path: Assets/Prefabs/Basura/Samus/Textures/samuscannon_D.png
  artifactKey: Guid(c1c684c032392fd4bac6cedd18fb6e97) Importer(815301076,1909f56bfc062723c751e8b465ee728b)
Start importing Assets/Prefabs/Basura/Samus/Textures/samuscannon_D.png using Guid(c1c684c032392fd4bac6cedd18fb6e97) Importer(815301076,1909f56bfc062723c751e8b465ee728b)  -> (artifact id: 'd8fbb3f36bef96339f832ac44510a1a6') in 0.010450 seconds 
  Import took 0.013457 seconds .

========================================================================
Received Import Request.
  Time since last request: 0.000227 seconds.
  path: Assets/Prefabs/Basura/Samus/Textures/gravity_body_E.png
  artifactKey: Guid(3a7271008cf9ed74f8dc812e60591186) Importer(815301076,1909f56bfc062723c751e8b465ee728b)
Start importing Assets/Prefabs/Basura/Samus/Textures/gravity_body_E.png using Guid(3a7271008cf9ed74f8dc812e60591186) Importer(815301076,1909f56bfc062723c751e8b465ee728b)  -> (artifact id: '4ac78e51f9d5bed442444c41eb343bd1') in 0.010431 seconds 
  Import took 0.013392 seconds .

========================================================================
Received Import Request.
  Time since last request: 0.000191 seconds.
  path: Assets/Prefabs/Basura/Samus/Textures/samuscannon_E.png
  artifactKey: Guid(1943c71303840e74e80f9a9e775de42d) Importer(815301076,1909f56bfc062723c751e8b465ee728b)
Start importing Assets/Prefabs/Basura/Samus/Textures/samuscannon_E.png using Guid(1943c71303840e74e80f9a9e775de42d) Importer(815301076,1909f56bfc062723c751e8b465ee728b)  -> (artifact id: '678ca40fd503bed587bf97c659658f30') in 0.009993 seconds 
  Import took 0.013374 seconds .

========================================================================
Received Import Request.
  Time since last request: 0.000171 seconds.
  path: Assets/Prefabs/Basura/Samus/Textures/gravity_head_E.png
  artifactKey: Guid(8122cf7056753eb408bf1004a2b3eb65) Importer(815301076,1909f56bfc062723c751e8b465ee728b)
Start importing Assets/Prefabs/Basura/Samus/Textures/gravity_head_E.png using Guid(8122cf7056753eb408bf1004a2b3eb65) Importer(815301076,1909f56bfc062723c751e8b465ee728b)  -> (artifact id: 'fdbf254e092deb1dcb6ae6b54f405dcb') in 0.011140 seconds 
  Import took 0.014352 seconds .

========================================================================
Received Import Request.
  Time since last request: 129.894992 seconds.
  path: Assets/Scenes/Humanoid.unity
  artifactKey: Guid(a4f0b3cd9ff85054f966e6e4cc162454) Importer(815301076,1909f56bfc062723c751e8b465ee728b)
Start importing Assets/Scenes/Humanoid.unity using Guid(a4f0b3cd9ff85054f966e6e4cc162454) Importer(815301076,1909f56bfc062723c751e8b465ee728b)  -> (artifact id: '6acd12f435fe6fe3e7d99e2d01ab36cb') in 0.006936 seconds 
  Import took 0.010179 seconds .

========================================================================
Received Import Request.
  Time since last request: 19.432476 seconds.
  path: Assets/Scenes/Generic.unity
  artifactKey: Guid(9fc0d4010bbf28b4594072e72b8655ab) Importer(815301076,1909f56bfc062723c751e8b465ee728b)
Start importing Assets/Scenes/Generic.unity using Guid(9fc0d4010bbf28b4594072e72b8655ab) Importer(815301076,1909f56bfc062723c751e8b465ee728b)  -> (artifact id: '040e065975d134e4241abf0f3e080d91') in 0.006814 seconds 
  Import took 0.009898 seconds .

========================================================================
Received Prepare
Registering precompiled user dll's ...
Registered in 0.003403 seconds.
Begin MonoManager ReloadAssembly
Native extension for WindowsStandalone target not found
Refreshing native plugins compatible for Editor in 0.52 ms, found 2 plugins.
Preloading 0 native plugins for Editor in 0.00 ms.
Mono: successfully reloaded assembly
- Completed reload, in  0.905 seconds
Domain Reload Profiling:
	ReloadAssembly (905ms)
		BeginReloadAssembly (108ms)
			ExecutionOrderSort (0ms)
			DisableScriptedObjects (4ms)
			BackupInstance (0ms)
			ReleaseScriptingObjects (0ms)
			CreateAndSetChildDomain (34ms)
		EndReloadAssembly (741ms)
			LoadAssemblies (71ms)
			RebuildTransferFunctionScriptingTraits (0ms)
			SetupTypeCache (243ms)
			ReleaseScriptCaches (1ms)
			RebuildScriptCaches (43ms)
			SetupLoadedEditorAssemblies (296ms)
				LogAssemblyErrors (0ms)
				InitializePlatformSupportModulesInManaged (3ms)
				SetLoadedEditorAssemblies (0ms)
				RefreshPlugins (1ms)
				BeforeProcessingInitializeOnLoad (63ms)
				ProcessInitializeOnLoadAttributes (216ms)
				ProcessInitializeOnLoadMethodAttributes (7ms)
				AfterProcessingInitializeOnLoad (5ms)
				EditorAssembliesLoaded (0ms)
			ExecutionOrderSort2 (0ms)
			AwakeInstancesAfterBackupRestoration (5ms)
Platform modules already initialized, skipping
Refreshing native plugins compatible for Editor in 0.53 ms, found 2 plugins.
Preloading 0 native plugins for Editor in 0.00 ms.
Unloading 2005 Unused Serialized files (Serialized files now loaded: 0)
System memory in use before: 102.0 MB.
System memory in use after: 102.1 MB.

Unloading 17 unused Assets to reduce memory usage. Loaded Objects now: 2480.
Total: 2.909800 ms (FindLiveObjects: 0.201600 ms CreateObjectMapping: 0.043400 ms MarkObjects: 2.648700 ms  DeleteObjects: 0.015300 ms)

AssetImportParameters requested are different than current active one (requested -> active):
  custom:framework-win-MediaFoundation: 216162199b28c13a410421893ffa2e32 -> 
  custom:video-decoder-ogg-theora: a1e56fd34408186e4bbccfd4996cb3dc -> 
  custom:container-muxer-webm: aa71ff27fc2769a1b78a27578f13a17b -> 
  custom:container-demuxer-webm: 4f35f7cbe854078d1ac9338744f61a02 -> 
  custom:container-demuxer-ogg: 62fdf1f143b41e24485cea50d1cbac27 -> 
  custom:video-encoder-webm-vp8: eb34c28f22e8b96e1ab97ce403110664 -> 
  custom:video-decoder-webm-vp8: 9c59270c3fd7afecdb556c50c9e8de78 -> 
  custom:audio-decoder-ogg-vorbis: bf7c407c2cedff20999df2af8eb42d56 -> 
  custom:audio-encoder-webm-vorbis: bf7c407c2cedff20999df2af8eb42d56 -> 
========================================================================
Received Import Request.
  Time since last request: 27.953137 seconds.
  path: Assets/Scripts/HumanoidController.cs
  artifactKey: Guid(11c7fe4b94409644b87d28ee701fb3c9) Importer(815301076,1909f56bfc062723c751e8b465ee728b)
Start importing Assets/Scripts/HumanoidController.cs using Guid(11c7fe4b94409644b87d28ee701fb3c9) Importer(815301076,1909f56bfc062723c751e8b465ee728b)  -> (artifact id: '7c925246fdd22962ba57fca880202ea9') in 0.012183 seconds 
  Import took 0.015329 seconds .

========================================================================
Received Import Request.
  Time since last request: 5.257879 seconds.
  path: Assets/Materials/0000-Samus-Cannon.mat
  artifactKey: Guid(e9337c914e2ce534ca233590a3c82218) Importer(815301076,1909f56bfc062723c751e8b465ee728b)
Start importing Assets/Materials/0000-Samus-Cannon.mat using Guid(e9337c914e2ce534ca233590a3c82218) Importer(815301076,1909f56bfc062723c751e8b465ee728b)  -> (artifact id: 'a931e8a8bd269487cb9bf19cc6554e3d') in 0.080934 seconds 
  Import took 0.120339 seconds .

========================================================================
Received Import Request.
  Time since last request: 0.000201 seconds.
  path: Assets/Materials/Gun.mat
  artifactKey: Guid(d8ea9d8d19e6ff94a83323d0af624e10) Importer(815301076,1909f56bfc062723c751e8b465ee728b)
Start importing Assets/Materials/Gun.mat using Guid(d8ea9d8d19e6ff94a83323d0af624e10) Importer(815301076,1909f56bfc062723c751e8b465ee728b)  -> (artifact id: 'a815b252b0ab64a5782a0b0398a4abe5') in 0.013089 seconds 
  Import took 0.015822 seconds .

========================================================================
Received Import Request.
  Time since last request: 24.922901 seconds.
  path: Assets/Prefabs/Other
  artifactKey: Guid(b6049d6380c9e924d8c3e4cd9962ca3e) Importer(815301076,1909f56bfc062723c751e8b465ee728b)
Start importing Assets/Prefabs/Other using Guid(b6049d6380c9e924d8c3e4cd9962ca3e) Importer(815301076,1909f56bfc062723c751e8b465ee728b)  -> (artifact id: '8de77200658effef39a3b354f8299e70') in 0.006974 seconds 
  Import took 0.010336 seconds .

========================================================================
Received Import Request.
  Time since last request: 82.029366 seconds.
  path: Assets/Animations/MixamoJump.fbx
  artifactKey: Guid(98145f93932fcdc4bb4ffdcedfe925d2) Importer(815301076,1909f56bfc062723c751e8b465ee728b)
Start importing Assets/Animations/MixamoJump.fbx using Guid(98145f93932fcdc4bb4ffdcedfe925d2) Importer(815301076,1909f56bfc062723c751e8b465ee728b)  -> (artifact id: 'f31801cc8ec925ee480869c569f8d88a') in 0.043190 seconds 
  Import took 0.046846 seconds .

========================================================================
Received Import Request.
  Time since last request: 11.127098 seconds.
  path: Assets/Animations/MixamoDblJump.fbx
  artifactKey: Guid(7994f47c599e51e40a5773dca9c9b13c) Importer(815301076,1909f56bfc062723c751e8b465ee728b)
Start importing Assets/Animations/MixamoDblJump.fbx using Guid(7994f47c599e51e40a5773dca9c9b13c) Importer(815301076,1909f56bfc062723c751e8b465ee728b)  -> (artifact id: '2b89ec656943cec9a5337152e69184c7') in 0.024134 seconds 
  Import took 0.028344 seconds .

========================================================================
Received Import Request.
  Time since last request: 18.831277 seconds.
  path: Assets/Animations/Humanoid/Injured
  artifactKey: Guid(00bc58d533f38e44ca9303909d198226) Importer(815301076,1909f56bfc062723c751e8b465ee728b)
Start importing Assets/Animations/Humanoid/Injured using Guid(00bc58d533f38e44ca9303909d198226) Importer(815301076,1909f56bfc062723c751e8b465ee728b)  -> (artifact id: 'b38d397991b6813082c17b168be515b3') in 0.006119 seconds 
  Import took 0.009295 seconds .

========================================================================
Received Import Request.
  Time since last request: 9.712518 seconds.
  path: Assets/Animations/Generic/Generic.controller
  artifactKey: Guid(d79ff552285d4bb4eb370ae45a07162a) Importer(815301076,1909f56bfc062723c751e8b465ee728b)
Start importing Assets/Animations/Generic/Generic.controller using Guid(d79ff552285d4bb4eb370ae45a07162a) Importer(815301076,1909f56bfc062723c751e8b465ee728b)  -> (artifact id: '4a0b4df4b80b8dced0ecbfbb171b2f7d') in 0.021607 seconds 
  Import took 0.025586 seconds .

========================================================================
Received Import Request.
  Time since last request: 5.395388 seconds.
  path: Assets/Animations/Generic/GenericIdle.fbx
  artifactKey: Guid(d93f183fc22cdbc4fa6c0addc9292fa8) Importer(815301076,1909f56bfc062723c751e8b465ee728b)
Start importing Assets/Animations/Generic/GenericIdle.fbx using Guid(d93f183fc22cdbc4fa6c0addc9292fa8) Importer(815301076,1909f56bfc062723c751e8b465ee728b)  -> (artifact id: 'ebd79842ab21f47a0f218e944e26bf5f') in 0.134428 seconds 
  Import took 0.138529 seconds .

========================================================================
Received Import Request.
  Time since last request: 5.116110 seconds.
  path: Assets/Animations/Generic/Run.fbx
  artifactKey: Guid(aacfaf901cefece47bd30797bacfd7d0) Importer(815301076,1909f56bfc062723c751e8b465ee728b)
Start importing Assets/Animations/Generic/Run.fbx using Guid(aacfaf901cefece47bd30797bacfd7d0) Importer(815301076,1909f56bfc062723c751e8b465ee728b)  -> (artifact id: 'c36f3071b5f1e46d16668407843ec470') in 0.014849 seconds 
  Import took 0.018379 seconds .

========================================================================
Received Import Request.
  Time since last request: 4.220279 seconds.
  path: Assets/Animations/Generic/Walk.fbx
  artifactKey: Guid(a2efd284848235947aaa1372052394fa) Importer(815301076,1909f56bfc062723c751e8b465ee728b)
Start importing Assets/Animations/Generic/Walk.fbx using Guid(a2efd284848235947aaa1372052394fa) Importer(815301076,1909f56bfc062723c751e8b465ee728b)  -> (artifact id: '5b9c4cc87d9394724ef257e4f987f356') in 0.015237 seconds 
  Import took 0.018839 seconds .

